#
# There is insufficient memory for the Java Runtime Environment to continue.
# Native memory allocation (malloc) failed to allocate 67696 bytes. Error detail: Chunk::new
# Possible reasons:
#   The system is out of physical RAM or swap space
#   This process is running with CompressedOops enabled, and the Java Heap may be blocking the growth of the native heap
# Possible solutions:
#   Reduce memory load on the system
#   Increase physical memory or swap space
#   Check if swap backing store is full
#   Decrease Java heap size (-Xmx/-Xms)
#   Decrease number of Java threads
#   Decrease Java thread stack sizes (-Xss)
#   Set larger code cache with -XX:ReservedCodeCacheSize=
#   JVM is running with Unscaled Compressed Oops mode in which the Java heap is
#     placed in the first 4GB address space. The Java Heap base address is the
#     maximum limit for the native heap growth. Please use -XX:HeapBaseMinAddress
#     to set the Java Heap base and to place the Java Heap above 4GB virtual address.
# This output file may be truncated or incomplete.
#
#  Out of Memory Error (arena.cpp:191), pid=10888, tid=3056
#
# JRE version: OpenJDK Runtime Environment Temurin-17.0.11+9 (17.0.11+9) (build 17.0.11+9)
# Java VM: OpenJDK 64-Bit Server VM Temurin-17.0.11+9 (17.0.11+9, mixed mode, tiered, compressed oops, compressed class ptrs, parallel gc, windows-amd64)
# No core dump will be written. Minidumps are not enabled by default on client versions of Windows
#

---------------  S U M M A R Y ------------

Command Line: --add-modules=ALL-SYSTEM --add-opens=java.base/java.util=ALL-UNNAMED --add-opens=java.base/java.lang=ALL-UNNAMED --add-opens=java.base/sun.nio.fs=ALL-UNNAMED -Declipse.application=org.eclipse.jdt.ls.core.id1 -Dosgi.bundles.defaultStartLevel=4 -Declipse.product=org.eclipse.jdt.ls.core.product -Djava.import.generatesMetadataFilesAtProjectRoot=false -DDetectVMInstallationsJob.disabled=true -Dfile.encoding=utf8 -XX:+UseParallelGC -XX:GCTimeRatio=4 -XX:AdaptiveSizePolicyWeight=90 -Dsun.zip.disableMemoryMapping=true -Xmx1G -Xms100m -Xlog:disable -javaagent:c:\Users\rajes\.vscode\extensions\redhat.java-1.31.0-win32-x64\lombok\lombok-1.18.32.jar -XX:+HeapDumpOnOutOfMemoryError -XX:HeapDumpPath=c:\Users\rajes\AppData\Roaming\Code\User\workspaceStorage\c0690ab2331a91e7f7c2694c655957c8\redhat.java -Daether.dependencyCollector.impl=bf c:\Users\rajes\.vscode\extensions\redhat.java-1.31.0-win32-x64\server\plugins\org.eclipse.equinox.launcher_1.6.800.v20240513-1750.jar -configuration c:\Users\rajes\AppData\Roaming\Code\User\globalStorage\redhat.java\1.31.0\config_win -data c:\Users\rajes\AppData\Roaming\Code\User\workspaceStorage\c0690ab2331a91e7f7c2694c655957c8\redhat.java\jdt_ws --pipe=\\.\pipe\lsp-53183a83f80d37d9dd4cc738e9eec9f1-sock

Host: Intel(R) Core(TM) i3-10110U CPU @ 2.10GHz, 4 cores, 3G,  Windows 10 , 64 bit Build 19041 (10.0.19041.3636)
Time: Thu May 30 16:02:06 2024 Eastern Daylight Time elapsed time: 32.619708 seconds (0d 0h 0m 32s)

---------------  T H R E A D  ---------------

Current thread (0x0000026fd7033770):  JavaThread "C2 CompilerThread0" daemon [_thread_in_native, id=3056, stack(0x0000007041300000,0x0000007041400000)]


Current CompileTask:
C2:  32619 5863   !   4       org.eclipse.osgi.internal.loader.classpath.ClasspathManager::findLocalClass (210 bytes)

Stack: [0x0000007041300000,0x0000007041400000]
Native frames: (J=compiled Java code, j=interpreted, Vv=VM code, C=native code)
V  [jvm.dll+0x67d429]
V  [jvm.dll+0x834b7a]
V  [jvm.dll+0x83663e]
V  [jvm.dll+0x836ca3]
V  [jvm.dll+0x247dbf]
V  [jvm.dll+0xac534]
V  [jvm.dll+0xacb7c]
V  [jvm.dll+0x2af80c]
V  [jvm.dll+0x5848b7]
V  [jvm.dll+0x222d82]
V  [jvm.dll+0x21bc7d]
V  [jvm.dll+0x2197a1]
V  [jvm.dll+0x1a534d]
V  [jvm.dll+0x2295cd]
V  [jvm.dll+0x22779c]
V  [jvm.dll+0x7e9d07]
V  [jvm.dll+0x7e410a]
V  [jvm.dll+0x67c315]
C  [ucrtbase.dll+0x21bb2]
C  [KERNEL32.DLL+0x17344]
C  [ntdll.dll+0x526b1]


---------------  P R O C E S S  ---------------

Threads class SMR info:
_java_thread_list=0x0000026fddd96b10, length=39, elements={
0x0000026fc31c2680, 0x0000026fc3279e40, 0x0000026fc327e690, 0x0000026fd702d560,
0x0000026fd702e2f0, 0x0000026fd702f080, 0x0000026fd7030b60, 0x0000026fd7033770,
0x0000026fd7052420, 0x0000026fd705d3c0, 0x0000026fc3226160, 0x0000026fdc4deed0,
0x0000026fdcaf9850, 0x0000026fdcaafe00, 0x0000026fdca25210, 0x0000026fdcf92670,
0x0000026fdcf93ab0, 0x0000026fdcf92b80, 0x0000026fdcf92160, 0x0000026fdcf94ef0,
0x0000026fdcf95910, 0x0000026fdcf95400, 0x0000026fdcf93fc0, 0x0000026fdcf935a0,
0x0000026fdcf944d0, 0x0000026fdcf949e0, 0x0000026fde2ef670, 0x0000026fde2ec3d0,
0x0000026fde2ecdf0, 0x0000026fde2ee230, 0x0000026fde2eb9b0, 0x0000026fde2eaf90,
0x0000026fde2efb80, 0x0000026fde2ee740, 0x0000026fde2eec50, 0x0000026fde2eb4a0,
0x0000026fde2f0090, 0x0000026fde2ea060, 0x0000026fde2f05a0
}

Java Threads: ( => current thread )
  0x0000026fc31c2680 JavaThread "main" [_thread_blocked, id=16460, stack(0x0000007040a00000,0x0000007040b00000)]
  0x0000026fc3279e40 JavaThread "Reference Handler" daemon [_thread_blocked, id=5912, stack(0x0000007040d00000,0x0000007040e00000)]
  0x0000026fc327e690 JavaThread "Finalizer" daemon [_thread_blocked, id=17848, stack(0x0000007040e00000,0x0000007040f00000)]
  0x0000026fd702d560 JavaThread "Signal Dispatcher" daemon [_thread_blocked, id=5104, stack(0x0000007040f00000,0x0000007041000000)]
  0x0000026fd702e2f0 JavaThread "Attach Listener" daemon [_thread_blocked, id=13836, stack(0x0000007041000000,0x0000007041100000)]
  0x0000026fd702f080 JavaThread "Service Thread" daemon [_thread_blocked, id=12628, stack(0x0000007041100000,0x0000007041200000)]
  0x0000026fd7030b60 JavaThread "Monitor Deflation Thread" daemon [_thread_blocked, id=13924, stack(0x0000007041200000,0x0000007041300000)]
=>0x0000026fd7033770 JavaThread "C2 CompilerThread0" daemon [_thread_in_native, id=3056, stack(0x0000007041300000,0x0000007041400000)]
  0x0000026fd7052420 JavaThread "C1 CompilerThread0" daemon [_thread_blocked, id=8440, stack(0x0000007041400000,0x0000007041500000)]
  0x0000026fd705d3c0 JavaThread "Sweeper thread" daemon [_thread_blocked, id=9792, stack(0x0000007041500000,0x0000007041600000)]
  0x0000026fc3226160 JavaThread "Common-Cleaner" daemon [_thread_blocked, id=18084, stack(0x0000007041600000,0x0000007041700000)]
  0x0000026fdc4deed0 JavaThread "Notification Thread" daemon [_thread_blocked, id=3980, stack(0x0000007041700000,0x0000007041800000)]
  0x0000026fdcaf9850 JavaThread "Active Thread: Equinox Container: b12a3c28-4841-43c4-9eeb-dc368fd9372f" [_thread_blocked, id=2672, stack(0x0000007042000000,0x0000007042100000)]
  0x0000026fdcaafe00 JavaThread "Framework Event Dispatcher: Equinox Container: b12a3c28-4841-43c4-9eeb-dc368fd9372f" daemon [_thread_blocked, id=12892, stack(0x0000007041c00000,0x0000007041d00000)]
  0x0000026fdca25210 JavaThread "Start Level: Equinox Container: b12a3c28-4841-43c4-9eeb-dc368fd9372f" daemon [_thread_blocked, id=17852, stack(0x0000007041d00000,0x0000007041e00000)]
  0x0000026fdcf92670 JavaThread "Refresh Thread: Equinox Container: b12a3c28-4841-43c4-9eeb-dc368fd9372f" daemon [_thread_blocked, id=15328, stack(0x0000007041e00000,0x0000007041f00000)]
  0x0000026fdcf93ab0 JavaThread "Bundle File Closer" daemon [_thread_blocked, id=9868, stack(0x0000007042400000,0x0000007042500000)]
  0x0000026fdcf92b80 JavaThread "SCR Component Actor" daemon [_thread_blocked, id=15824, stack(0x0000007041f00000,0x0000007042000000)]
  0x0000026fdcf92160 JavaThread "SCR Component Registry" daemon [_thread_blocked, id=14244, stack(0x0000007042100000,0x0000007042200000)]
  0x0000026fdcf94ef0 JavaThread "Worker-JM" [_thread_blocked, id=16408, stack(0x0000007042200000,0x0000007042300000)]
  0x0000026fdcf95910 JavaThread "Worker-0" [_thread_blocked, id=11252, stack(0x0000007042300000,0x0000007042400000)]
  0x0000026fdcf95400 JavaThread "Worker-1" [_thread_blocked, id=17484, stack(0x0000007042500000,0x0000007042600000)]
  0x0000026fdcf93fc0 JavaThread "Java indexing" daemon [_thread_blocked, id=2212, stack(0x0000007042600000,0x0000007042700000)]
  0x0000026fdcf935a0 JavaThread "Worker-2: Loading available Gradle versions" [_thread_in_vm, id=16000, stack(0x0000007042700000,0x0000007042800000)]
  0x0000026fdcf944d0 JavaThread "JNA Cleaner" daemon [_thread_blocked, id=14020, stack(0x0000007042800000,0x0000007042900000)]
  0x0000026fdcf949e0 JavaThread "Worker-3" [_thread_blocked, id=14120, stack(0x0000007042900000,0x0000007042a00000)]
  0x0000026fde2ef670 JavaThread "Thread-2" daemon [_thread_in_native, id=2944, stack(0x0000007042a00000,0x0000007042b00000)]
  0x0000026fde2ec3d0 JavaThread "Thread-3" daemon [_thread_in_native, id=8136, stack(0x0000007042b00000,0x0000007042c00000)]
  0x0000026fde2ecdf0 JavaThread "Thread-4" daemon [_thread_in_native, id=8548, stack(0x0000007042c00000,0x0000007042d00000)]
  0x0000026fde2ee230 JavaThread "Thread-5" daemon [_thread_in_native, id=15500, stack(0x0000007042d00000,0x0000007042e00000)]
  0x0000026fde2eb9b0 JavaThread "Thread-6" daemon [_thread_in_native, id=2956, stack(0x0000007042e00000,0x0000007042f00000)]
  0x0000026fde2eaf90 JavaThread "pool-2-thread-1" [_thread_blocked, id=6528, stack(0x0000007042f00000,0x0000007043000000)]
  0x0000026fde2efb80 JavaThread "WorkspaceEventsHandler" [_thread_blocked, id=4708, stack(0x0000007043000000,0x0000007043100000)]
  0x0000026fde2ee740 JavaThread "pool-1-thread-1" [_thread_blocked, id=16296, stack(0x0000007043100000,0x0000007043200000)]
  0x0000026fde2eec50 JavaThread "Output Stream Monitor for PID 9004" daemon [_thread_in_native, id=10228, stack(0x0000007043200000,0x0000007043300000)]
  0x0000026fde2eb4a0 JavaThread "Error Stream Monitor for PID 9004" daemon [_thread_in_native, id=8344, stack(0x0000007043300000,0x0000007043400000)]
  0x0000026fde2f0090 JavaThread "Worker-4" [_thread_blocked, id=4672, stack(0x0000007043400000,0x0000007043500000)]
  0x0000026fde2ea060 JavaThread "Input Stream Monitor for PID 9004" daemon [_thread_blocked, id=16652, stack(0x0000007043500000,0x0000007043600000)]
  0x0000026fde2f05a0 JavaThread "Process monitor for PID 9004" daemon [_thread_in_native, id=13336, stack(0x0000007043600000,0x0000007043700000)]

Other Threads:
  0x0000026fd6ff6310 VMThread "VM Thread" [stack: 0x0000007040c00000,0x0000007040d00000] [id=11552]
  0x0000026fdc609c20 WatcherThread [stack: 0x0000007041800000,0x0000007041900000] [id=9028]
  0x0000026fc31d2d40 GCTaskThread "GC Thread#0" [stack: 0x0000007040b00000,0x0000007040c00000] [id=14480]
  0x0000026fdc85c230 GCTaskThread "GC Thread#1" [stack: 0x0000007041900000,0x0000007041a00000] [id=1076]
  0x0000026fdcaa2980 GCTaskThread "GC Thread#2" [stack: 0x0000007041a00000,0x0000007041b00000] [id=18288]
  0x0000026fdcaa2c40 GCTaskThread "GC Thread#3" [stack: 0x0000007041b00000,0x0000007041c00000] [id=8396]

Threads with active compile tasks:
C2 CompilerThread0    32680 5863   !   4       org.eclipse.osgi.internal.loader.classpath.ClasspathManager::findLocalClass (210 bytes)

VM state: not at safepoint (normal execution)

VM Mutex/Monitor currently owned by a thread:  ([mutex/lock_event])
[0x0000026fc31bdb80] Metaspace_lock - owner thread: 0x0000026fdcf935a0

Heap address: 0x00000000c0000000, size: 1024 MB, Compressed Oops mode: 32-bit

CDS archive(s) not mapped
Compressed class space mapped at: 0x0000000100000000-0x0000000140000000, reserved size: 1073741824
Narrow klass base: 0x0000000000000000, Narrow klass shift: 3, Narrow klass range: 0x140000000

GC Precious Log:
 CPUs: 4 total, 4 available
 Memory: 3883M
 Large Page Support: Disabled
 NUMA Support: Disabled
 Compressed Oops: Enabled (32-bit)
 Alignments: Space 512K, Generation 512K, Heap 2M
 Heap Min Capacity: 100M
 Heap Initial Capacity: 100M
 Heap Max Capacity: 1G
 Pre-touch: Disabled
 Parallel Workers: 4

Heap:
 PSYoungGen      total 24064K, used 20848K [0x00000000eab00000, 0x00000000ec480000, 0x0000000100000000)
  eden space 22016K, 87% used [0x00000000eab00000,0x00000000ebdd8d70,0x00000000ec080000)
  from space 2048K, 75% used [0x00000000ec080000,0x00000000ec203668,0x00000000ec280000)
  to   space 2048K, 0% used [0x00000000ec280000,0x00000000ec280000,0x00000000ec480000)
 ParOldGen       total 68608K, used 18968K [0x00000000c0000000, 0x00000000c4300000, 0x00000000eab00000)
  object space 68608K, 27% used [0x00000000c0000000,0x00000000c1286180,0x00000000c4300000)
 Metaspace       used 53116K, committed 54016K, reserved 1114112K
  class space    used 5759K, committed 6144K, reserved 1048576K

Card table byte_map: [0x0000026fc2b60000,0x0000026fc2d70000] _byte_map_base: 0x0000026fc2560000

Marking Bits: (ParMarkBitMap*) 0x00007ff8b3c4d820
 Begin Bits: [0x0000026fd4e60000, 0x0000026fd5e60000)
 End Bits:   [0x0000026fd5e60000, 0x0000026fd6e60000)

Polling page: 0x0000026fc1100000

Metaspace:

Usage:
  Non-class:     46.25 MB used.
      Class:      5.62 MB used.
       Both:     51.87 MB used.

Virtual space:
  Non-class space:       64.00 MB reserved,      46.75 MB ( 73%) committed,  1 nodes.
      Class space:        1.00 GB reserved,       6.00 MB ( <1%) committed,  1 nodes.
             Both:        1.06 GB reserved,      52.75 MB (  5%) committed. 

Chunk freelists:
   Non-Class:  944.00 KB
       Class:  9.98 MB
        Both:  10.91 MB

MaxMetaspaceSize: unlimited
CompressedClassSpaceSize: 1.00 GB
Initial GC threshold: 21.00 MB
Current GC threshold: 58.38 MB
CDS: off
MetaspaceReclaimPolicy: balanced
 - commit_granule_bytes: 65536.
 - commit_granule_words: 8192.
 - virtual_space_node_default_size: 8388608.
 - enlarge_chunks_in_place: 1.
 - new_chunks_are_fully_committed: 0.
 - uncommit_free_chunks: 1.
 - use_allocation_guard: 0.
 - handle_deallocations: 1.


Internal statistics:

num_allocs_failed_limit: 6.
num_arena_births: 534.
num_arena_deaths: 14.
num_vsnodes_births: 2.
num_vsnodes_deaths: 0.
num_space_committed: 844.
num_space_uncommitted: 0.
num_chunks_returned_to_freelist: 20.
num_chunks_taken_from_freelist: 2380.
num_chunk_merges: 11.
num_chunk_splits: 1531.
num_chunks_enlarged: 961.
num_inconsistent_stats: 0.

CodeHeap 'non-profiled nmethods': size=120000Kb used=2199Kb max_used=2199Kb free=117800Kb
 bounds [0x0000026fcd930000, 0x0000026fcdba0000, 0x0000026fd4e60000]
CodeHeap 'profiled nmethods': size=120000Kb used=10623Kb max_used=11004Kb free=109376Kb
 bounds [0x0000026fc5e60000, 0x0000026fc6920000, 0x0000026fcd390000]
CodeHeap 'non-nmethods': size=5760Kb used=1316Kb max_used=1370Kb free=4443Kb
 bounds [0x0000026fcd390000, 0x0000026fcd600000, 0x0000026fcd930000]
 total_blobs=5892 nmethods=5241 adapters=565
 compilation: enabled
              stopped_count=0, restarted_count=0
 full_count=0

Compilation events (20 events):
Event: 32.501 Thread 0x0000026fd7052420 5995       2       jdk.internal.module.SystemModuleFinders$SystemImage::reader (4 bytes)
Event: 32.501 Thread 0x0000026fd7052420 nmethod 5995 0x0000026fc6209210 code [0x0000026fc62093a0, 0x0000026fc6209498]
Event: 32.506 Thread 0x0000026fd7052420 5996       3       java.math.BigInteger::<init> (77 bytes)
Event: 32.506 Thread 0x0000026fd7052420 nmethod 5996 0x0000026fc6189790 code [0x0000026fc6189940, 0x0000026fc6189d58]
Event: 32.506 Thread 0x0000026fd7052420 5997       3       java.util.Objects::checkFromToIndex (8 bytes)
Event: 32.506 Thread 0x0000026fd7052420 nmethod 5997 0x0000026fc6189290 code [0x0000026fc6189440, 0x0000026fc6189688]
Event: 32.506 Thread 0x0000026fd7052420 5998       3       jdk.internal.util.Preconditions::checkFromToIndex (24 bytes)
Event: 32.507 Thread 0x0000026fd7052420 nmethod 5998 0x0000026fc6188e10 code [0x0000026fc6188fc0, 0x0000026fc61891a8]
Event: 32.509 Thread 0x0000026fd7052420 5999       3       java.math.BigInteger::<init> (38 bytes)
Event: 32.509 Thread 0x0000026fd7052420 nmethod 5999 0x0000026fc6188590 code [0x0000026fc6188760, 0x0000026fc6188c28]
Event: 32.509 Thread 0x0000026fd7033770 nmethod 5800 0x0000026fcdb53290 code [0x0000026fcdb53460, 0x0000026fcdb53d78]
Event: 32.509 Thread 0x0000026fd7033770 5827       4       java.util.TreeMap::getEntry (77 bytes)
Event: 32.513 Thread 0x0000026fd7052420 6000       3       java.math.MutableBigInteger::<init> (21 bytes)
Event: 32.513 Thread 0x0000026fd7052420 nmethod 6000 0x0000026fc6188190 code [0x0000026fc6188320, 0x0000026fc61884b8]
Event: 32.524 Thread 0x0000026fd7033770 nmethod 5827 0x0000026fcdb54390 code [0x0000026fcdb54580, 0x0000026fcdb54de8]
Event: 32.524 Thread 0x0000026fd7033770 5893 %     4       java.util.Arrays::hashCode @ 16 (44 bytes)
Event: 32.529 Thread 0x0000026fd7033770 nmethod 5893% 0x0000026fcdb55510 code [0x0000026fcdb55680, 0x0000026fcdb558d8]
Event: 32.529 Thread 0x0000026fd7033770 5863   !   4       org.eclipse.osgi.internal.loader.classpath.ClasspathManager::findLocalClass (210 bytes)
Event: 32.606 Thread 0x0000026fd7052420 6001       3       java.io.DataInputStream::readChar (6 bytes)
Event: 32.607 Thread 0x0000026fd7052420 nmethod 6001 0x0000026fc6187e10 code [0x0000026fc6187fa0, 0x0000026fc61880e8]

GC Heap History (20 events):
Event: 29.219 GC heap before
{Heap before GC invocations=10 (full 1):
 PSYoungGen      total 26624K, used 26607K [0x00000000eab00000, 0x00000000eca00000, 0x0000000100000000)
  eden space 24064K, 100% used [0x00000000eab00000,0x00000000ec280000,0x00000000ec280000)
  from space 2560K, 99% used [0x00000000ec780000,0x00000000ec9fbdb0,0x00000000eca00000)
  to   space 3584K, 0% used [0x00000000ec300000,0x00000000ec300000,0x00000000ec680000)
 ParOldGen       total 68608K, used 11298K [0x00000000c0000000, 0x00000000c4300000, 0x00000000eab00000)
  object space 68608K, 16% used [0x00000000c0000000,0x00000000c0b08a08,0x00000000c4300000)
 Metaspace       used 30112K, committed 30784K, reserved 1114112K
  class space    used 2961K, committed 3264K, reserved 1048576K
}
Event: 29.222 GC heap after
{Heap after GC invocations=10 (full 1):
 PSYoungGen      total 26624K, used 2739K [0x00000000eab00000, 0x00000000ec800000, 0x0000000100000000)
  eden space 23552K, 0% used [0x00000000eab00000,0x00000000eab00000,0x00000000ec200000)
  from space 3072K, 89% used [0x00000000ec300000,0x00000000ec5acc00,0x00000000ec600000)
  to   space 2048K, 0% used [0x00000000ec600000,0x00000000ec600000,0x00000000ec800000)
 ParOldGen       total 68608K, used 11306K [0x00000000c0000000, 0x00000000c4300000, 0x00000000eab00000)
  object space 68608K, 16% used [0x00000000c0000000,0x00000000c0b0aa08,0x00000000c4300000)
 Metaspace       used 30112K, committed 30784K, reserved 1114112K
  class space    used 2961K, committed 3264K, reserved 1048576K
}
Event: 29.398 GC heap before
{Heap before GC invocations=11 (full 1):
 PSYoungGen      total 26624K, used 26291K [0x00000000eab00000, 0x00000000ec800000, 0x0000000100000000)
  eden space 23552K, 100% used [0x00000000eab00000,0x00000000ec200000,0x00000000ec200000)
  from space 3072K, 89% used [0x00000000ec300000,0x00000000ec5acc00,0x00000000ec600000)
  to   space 2048K, 0% used [0x00000000ec600000,0x00000000ec600000,0x00000000ec800000)
 ParOldGen       total 68608K, used 11306K [0x00000000c0000000, 0x00000000c4300000, 0x00000000eab00000)
  object space 68608K, 16% used [0x00000000c0000000,0x00000000c0b0aa08,0x00000000c4300000)
 Metaspace       used 32115K, committed 32768K, reserved 1114112K
  class space    used 3106K, committed 3392K, reserved 1048576K
}
Event: 29.402 GC heap after
{Heap after GC invocations=11 (full 1):
 PSYoungGen      total 25088K, used 1992K [0x00000000eab00000, 0x00000000ec800000, 0x0000000100000000)
  eden space 23040K, 0% used [0x00000000eab00000,0x00000000eab00000,0x00000000ec180000)
  from space 2048K, 97% used [0x00000000ec600000,0x00000000ec7f22b0,0x00000000ec800000)
  to   space 2560K, 0% used [0x00000000ec300000,0x00000000ec300000,0x00000000ec580000)
 ParOldGen       total 68608K, used 13855K [0x00000000c0000000, 0x00000000c4300000, 0x00000000eab00000)
  object space 68608K, 20% used [0x00000000c0000000,0x00000000c0d87c38,0x00000000c4300000)
 Metaspace       used 32115K, committed 32768K, reserved 1114112K
  class space    used 3106K, committed 3392K, reserved 1048576K
}
Event: 29.790 GC heap before
{Heap before GC invocations=12 (full 1):
 PSYoungGen      total 25088K, used 23880K [0x00000000eab00000, 0x00000000ec800000, 0x0000000100000000)
  eden space 23040K, 94% used [0x00000000eab00000,0x00000000ec05ff90,0x00000000ec180000)
  from space 2048K, 97% used [0x00000000ec600000,0x00000000ec7f22b0,0x00000000ec800000)
  to   space 2560K, 0% used [0x00000000ec300000,0x00000000ec300000,0x00000000ec580000)
 ParOldGen       total 68608K, used 13855K [0x00000000c0000000, 0x00000000c4300000, 0x00000000eab00000)
  object space 68608K, 20% used [0x00000000c0000000,0x00000000c0d87c38,0x00000000c4300000)
 Metaspace       used 35163K, committed 35840K, reserved 1114112K
  class space    used 3430K, committed 3712K, reserved 1048576K
}
Event: 29.793 GC heap after
{Heap after GC invocations=12 (full 1):
 PSYoungGen      total 24576K, used 1321K [0x00000000eab00000, 0x00000000ec680000, 0x0000000100000000)
  eden space 23040K, 0% used [0x00000000eab00000,0x00000000eab00000,0x00000000ec180000)
  from space 1536K, 86% used [0x00000000ec300000,0x00000000ec44a4f0,0x00000000ec480000)
  to   space 2048K, 0% used [0x00000000ec480000,0x00000000ec480000,0x00000000ec680000)
 ParOldGen       total 68608K, used 15739K [0x00000000c0000000, 0x00000000c4300000, 0x00000000eab00000)
  object space 68608K, 22% used [0x00000000c0000000,0x00000000c0f5eea0,0x00000000c4300000)
 Metaspace       used 35163K, committed 35840K, reserved 1114112K
  class space    used 3430K, committed 3712K, reserved 1048576K
}
Event: 29.793 GC heap before
{Heap before GC invocations=13 (full 2):
 PSYoungGen      total 24576K, used 1321K [0x00000000eab00000, 0x00000000ec680000, 0x0000000100000000)
  eden space 23040K, 0% used [0x00000000eab00000,0x00000000eab00000,0x00000000ec180000)
  from space 1536K, 86% used [0x00000000ec300000,0x00000000ec44a4f0,0x00000000ec480000)
  to   space 2048K, 0% used [0x00000000ec480000,0x00000000ec480000,0x00000000ec680000)
 ParOldGen       total 68608K, used 15739K [0x00000000c0000000, 0x00000000c4300000, 0x00000000eab00000)
  object space 68608K, 22% used [0x00000000c0000000,0x00000000c0f5eea0,0x00000000c4300000)
 Metaspace       used 35163K, committed 35840K, reserved 1114112K
  class space    used 3430K, committed 3712K, reserved 1048576K
}
Event: 29.840 GC heap after
{Heap after GC invocations=13 (full 2):
 PSYoungGen      total 24576K, used 0K [0x00000000eab00000, 0x00000000ec680000, 0x0000000100000000)
  eden space 23040K, 0% used [0x00000000eab00000,0x00000000eab00000,0x00000000ec180000)
  from space 1536K, 0% used [0x00000000ec300000,0x00000000ec300000,0x00000000ec480000)
  to   space 2048K, 0% used [0x00000000ec480000,0x00000000ec480000,0x00000000ec680000)
 ParOldGen       total 68608K, used 14980K [0x00000000c0000000, 0x00000000c4300000, 0x00000000eab00000)
  object space 68608K, 21% used [0x00000000c0000000,0x00000000c0ea12c8,0x00000000c4300000)
 Metaspace       used 35150K, committed 35840K, reserved 1114112K
  class space    used 3426K, committed 3712K, reserved 1048576K
}
Event: 30.264 GC heap before
{Heap before GC invocations=14 (full 2):
 PSYoungGen      total 24576K, used 23035K [0x00000000eab00000, 0x00000000ec680000, 0x0000000100000000)
  eden space 23040K, 99% used [0x00000000eab00000,0x00000000ec17ee90,0x00000000ec180000)
  from space 1536K, 0% used [0x00000000ec300000,0x00000000ec300000,0x00000000ec480000)
  to   space 2048K, 0% used [0x00000000ec480000,0x00000000ec480000,0x00000000ec680000)
 ParOldGen       total 68608K, used 14980K [0x00000000c0000000, 0x00000000c4300000, 0x00000000eab00000)
  object space 68608K, 21% used [0x00000000c0000000,0x00000000c0ea12c8,0x00000000c4300000)
 Metaspace       used 38480K, committed 39296K, reserved 1114112K
  class space    used 3841K, committed 4160K, reserved 1048576K
}
Event: 30.267 GC heap after
{Heap after GC invocations=14 (full 2):
 PSYoungGen      total 23552K, used 895K [0x00000000eab00000, 0x00000000ec580000, 0x0000000100000000)
  eden space 22528K, 0% used [0x00000000eab00000,0x00000000eab00000,0x00000000ec100000)
  from space 1024K, 87% used [0x00000000ec480000,0x00000000ec55fc30,0x00000000ec580000)
  to   space 1536K, 0% used [0x00000000ec280000,0x00000000ec280000,0x00000000ec400000)
 ParOldGen       total 68608K, used 14988K [0x00000000c0000000, 0x00000000c4300000, 0x00000000eab00000)
  object space 68608K, 21% used [0x00000000c0000000,0x00000000c0ea32c8,0x00000000c4300000)
 Metaspace       used 38480K, committed 39296K, reserved 1114112K
  class space    used 3841K, committed 4160K, reserved 1048576K
}
Event: 30.555 GC heap before
{Heap before GC invocations=15 (full 2):
 PSYoungGen      total 23552K, used 23423K [0x00000000eab00000, 0x00000000ec580000, 0x0000000100000000)
  eden space 22528K, 100% used [0x00000000eab00000,0x00000000ec100000,0x00000000ec100000)
  from space 1024K, 87% used [0x00000000ec480000,0x00000000ec55fc30,0x00000000ec580000)
  to   space 1536K, 0% used [0x00000000ec280000,0x00000000ec280000,0x00000000ec400000)
 ParOldGen       total 68608K, used 14988K [0x00000000c0000000, 0x00000000c4300000, 0x00000000eab00000)
  object space 68608K, 21% used [0x00000000c0000000,0x00000000c0ea32c8,0x00000000c4300000)
 Metaspace       used 41168K, committed 41984K, reserved 1114112K
  class space    used 4227K, committed 4544K, reserved 1048576K
}
Event: 30.557 GC heap after
{Heap after GC invocations=15 (full 2):
 PSYoungGen      total 23552K, used 800K [0x00000000eab00000, 0x00000000ec500000, 0x0000000100000000)
  eden space 22016K, 0% used [0x00000000eab00000,0x00000000eab00000,0x00000000ec080000)
  from space 1536K, 52% used [0x00000000ec280000,0x00000000ec348020,0x00000000ec400000)
  to   space 1024K, 0% used [0x00000000ec400000,0x00000000ec400000,0x00000000ec500000)
 ParOldGen       total 68608K, used 15807K [0x00000000c0000000, 0x00000000c4300000, 0x00000000eab00000)
  object space 68608K, 23% used [0x00000000c0000000,0x00000000c0f6ff20,0x00000000c4300000)
 Metaspace       used 41168K, committed 41984K, reserved 1114112K
  class space    used 4227K, committed 4544K, reserved 1048576K
}
Event: 30.790 GC heap before
{Heap before GC invocations=16 (full 2):
 PSYoungGen      total 23552K, used 22816K [0x00000000eab00000, 0x00000000ec500000, 0x0000000100000000)
  eden space 22016K, 100% used [0x00000000eab00000,0x00000000ec080000,0x00000000ec080000)
  from space 1536K, 52% used [0x00000000ec280000,0x00000000ec348020,0x00000000ec400000)
  to   space 1024K, 0% used [0x00000000ec400000,0x00000000ec400000,0x00000000ec500000)
 ParOldGen       total 68608K, used 15807K [0x00000000c0000000, 0x00000000c4300000, 0x00000000eab00000)
  object space 68608K, 23% used [0x00000000c0000000,0x00000000c0f6ff20,0x00000000c4300000)
 Metaspace       used 42879K, committed 43648K, reserved 1114112K
  class space    used 4452K, committed 4800K, reserved 1048576K
}
Event: 30.792 GC heap after
{Heap after GC invocations=16 (full 2):
 PSYoungGen      total 23040K, used 800K [0x00000000eab00000, 0x00000000ec500000, 0x0000000100000000)
  eden space 22016K, 0% used [0x00000000eab00000,0x00000000eab00000,0x00000000ec080000)
  from space 1024K, 78% used [0x00000000ec400000,0x00000000ec4c8000,0x00000000ec500000)
  to   space 1024K, 0% used [0x00000000ec300000,0x00000000ec300000,0x00000000ec400000)
 ParOldGen       total 68608K, used 16463K [0x00000000c0000000, 0x00000000c4300000, 0x00000000eab00000)
  object space 68608K, 23% used [0x00000000c0000000,0x00000000c1013f20,0x00000000c4300000)
 Metaspace       used 42879K, committed 43648K, reserved 1114112K
  class space    used 4452K, committed 4800K, reserved 1048576K
}
Event: 31.124 GC heap before
{Heap before GC invocations=17 (full 2):
 PSYoungGen      total 23040K, used 22816K [0x00000000eab00000, 0x00000000ec500000, 0x0000000100000000)
  eden space 22016K, 100% used [0x00000000eab00000,0x00000000ec080000,0x00000000ec080000)
  from space 1024K, 78% used [0x00000000ec400000,0x00000000ec4c8000,0x00000000ec500000)
  to   space 1024K, 0% used [0x00000000ec300000,0x00000000ec300000,0x00000000ec400000)
 ParOldGen       total 68608K, used 16463K [0x00000000c0000000, 0x00000000c4300000, 0x00000000eab00000)
  object space 68608K, 23% used [0x00000000c0000000,0x00000000c1013f20,0x00000000c4300000)
 Metaspace       used 45110K, committed 45888K, reserved 1114112K
  class space    used 4737K, committed 5056K, reserved 1048576K
}
Event: 31.126 GC heap after
{Heap after GC invocations=17 (full 2):
 PSYoungGen      total 23040K, used 672K [0x00000000eab00000, 0x00000000ec480000, 0x0000000100000000)
  eden space 22016K, 0% used [0x00000000eab00000,0x00000000eab00000,0x00000000ec080000)
  from space 1024K, 65% used [0x00000000ec300000,0x00000000ec3a8000,0x00000000ec400000)
  to   space 512K, 0% used [0x00000000ec400000,0x00000000ec400000,0x00000000ec480000)
 ParOldGen       total 68608K, used 17133K [0x00000000c0000000, 0x00000000c4300000, 0x00000000eab00000)
  object space 68608K, 24% used [0x00000000c0000000,0x00000000c10bb470,0x00000000c4300000)
 Metaspace       used 45110K, committed 45888K, reserved 1114112K
  class space    used 4737K, committed 5056K, reserved 1048576K
}
Event: 31.722 GC heap before
{Heap before GC invocations=18 (full 2):
 PSYoungGen      total 23040K, used 22688K [0x00000000eab00000, 0x00000000ec480000, 0x0000000100000000)
  eden space 22016K, 100% used [0x00000000eab00000,0x00000000ec080000,0x00000000ec080000)
  from space 1024K, 65% used [0x00000000ec300000,0x00000000ec3a8000,0x00000000ec400000)
  to   space 512K, 0% used [0x00000000ec400000,0x00000000ec400000,0x00000000ec480000)
 ParOldGen       total 68608K, used 17133K [0x00000000c0000000, 0x00000000c4300000, 0x00000000eab00000)
  object space 68608K, 24% used [0x00000000c0000000,0x00000000c10bb470,0x00000000c4300000)
 Metaspace       used 47663K, committed 48576K, reserved 1114112K
  class space    used 5079K, committed 5504K, reserved 1048576K
}
Event: 31.725 GC heap after
{Heap after GC invocations=18 (full 2):
 PSYoungGen      total 22528K, used 512K [0x00000000eab00000, 0x00000000ec480000, 0x0000000100000000)
  eden space 22016K, 0% used [0x00000000eab00000,0x00000000eab00000,0x00000000ec080000)
  from space 512K, 100% used [0x00000000ec400000,0x00000000ec480000,0x00000000ec480000)
  to   space 2048K, 0% used [0x00000000ec080000,0x00000000ec080000,0x00000000ec280000)
 ParOldGen       total 68608K, used 18448K [0x00000000c0000000, 0x00000000c4300000, 0x00000000eab00000)
  object space 68608K, 26% used [0x00000000c0000000,0x00000000c1204180,0x00000000c4300000)
 Metaspace       used 47663K, committed 48576K, reserved 1114112K
  class space    used 5079K, committed 5504K, reserved 1048576K
}
Event: 32.196 GC heap before
{Heap before GC invocations=19 (full 2):
 PSYoungGen      total 22528K, used 22526K [0x00000000eab00000, 0x00000000ec480000, 0x0000000100000000)
  eden space 22016K, 99% used [0x00000000eab00000,0x00000000ec07fa10,0x00000000ec080000)
  from space 512K, 100% used [0x00000000ec400000,0x00000000ec480000,0x00000000ec480000)
  to   space 2048K, 0% used [0x00000000ec080000,0x00000000ec080000,0x00000000ec280000)
 ParOldGen       total 68608K, used 18448K [0x00000000c0000000, 0x00000000c4300000, 0x00000000eab00000)
  object space 68608K, 26% used [0x00000000c0000000,0x00000000c1204180,0x00000000c4300000)
 Metaspace       used 50384K, committed 51264K, reserved 1114112K
  class space    used 5428K, committed 5824K, reserved 1048576K
}
Event: 32.200 GC heap after
{Heap after GC invocations=19 (full 2):
 PSYoungGen      total 24064K, used 1549K [0x00000000eab00000, 0x00000000ec480000, 0x0000000100000000)
  eden space 22016K, 0% used [0x00000000eab00000,0x00000000eab00000,0x00000000ec080000)
  from space 2048K, 75% used [0x00000000ec080000,0x00000000ec203668,0x00000000ec280000)
  to   space 2048K, 0% used [0x00000000ec280000,0x00000000ec280000,0x00000000ec480000)
 ParOldGen       total 68608K, used 18968K [0x00000000c0000000, 0x00000000c4300000, 0x00000000eab00000)
  object space 68608K, 27% used [0x00000000c0000000,0x00000000c1286180,0x00000000c4300000)
 Metaspace       used 50384K, committed 51264K, reserved 1114112K
  class space    used 5428K, committed 5824K, reserved 1048576K
}

Dll operation events (14 events):
Event: 0.199 Loaded shared library c:\Users\rajes\.vscode\extensions\redhat.java-1.31.0-win32-x64\jre\17.0.11-win32-x86_64\bin\java.dll
Event: 0.706 Loaded shared library c:\Users\rajes\.vscode\extensions\redhat.java-1.31.0-win32-x64\jre\17.0.11-win32-x86_64\bin\zip.dll
Event: 0.711 Loaded shared library C:\Users\rajes\.vscode\extensions\redhat.java-1.31.0-win32-x64\jre\17.0.11-win32-x86_64\bin\instrument.dll
Event: 0.743 Loaded shared library C:\Users\rajes\.vscode\extensions\redhat.java-1.31.0-win32-x64\jre\17.0.11-win32-x86_64\bin\net.dll
Event: 0.757 Loaded shared library C:\Users\rajes\.vscode\extensions\redhat.java-1.31.0-win32-x64\jre\17.0.11-win32-x86_64\bin\nio.dll
Event: 0.767 Loaded shared library C:\Users\rajes\.vscode\extensions\redhat.java-1.31.0-win32-x64\jre\17.0.11-win32-x86_64\bin\zip.dll
Event: 0.794 Loaded shared library C:\Users\rajes\.vscode\extensions\redhat.java-1.31.0-win32-x64\jre\17.0.11-win32-x86_64\bin\jimage.dll
Event: 0.898 Loaded shared library c:\Users\rajes\.vscode\extensions\redhat.java-1.31.0-win32-x64\jre\17.0.11-win32-x86_64\bin\verify.dll
Event: 15.738 Loaded shared library C:\Users\rajes\AppData\Roaming\Code\User\globalStorage\redhat.java\1.31.0\config_win\org.eclipse.equinox.launcher\org.eclipse.equinox.launcher.win32.win32.x86_64_1.2.1000.v20240507-1834\eclipse_11902.dll
Event: 28.146 Loaded shared library C:\Users\rajes\.vscode\extensions\redhat.java-1.31.0-win32-x64\jre\17.0.11-win32-x86_64\bin\management.dll
Event: 28.152 Loaded shared library C:\Users\rajes\.vscode\extensions\redhat.java-1.31.0-win32-x64\jre\17.0.11-win32-x86_64\bin\management_ext.dll
Event: 29.918 Loaded shared library C:\Users\rajes\AppData\Local\Temp\jna-108276233\jna11159399663203897354.dll
Event: 32.098 Loaded shared library C:\Users\rajes\.vscode\extensions\redhat.java-1.31.0-win32-x64\jre\17.0.11-win32-x86_64\bin\sunmscapi.dll
Event: 32.591 Loaded shared library C:\Users\rajes\.vscode\extensions\redhat.java-1.31.0-win32-x64\jre\17.0.11-win32-x86_64\bin\extnet.dll

Deoptimization events (20 events):
Event: 32.517 Thread 0x0000026fdcf935a0 Uncommon trap: trap_request=0xffffffc6 fr.pc=0x0000026fcdae9f48 relative=0x0000000000000748
Event: 32.517 Thread 0x0000026fdcf935a0 Uncommon trap: reason=bimorphic_or_optimized_type_check action=maybe_recompile pc=0x0000026fcdae9f48 method=java.util.Hashtable.put(Ljava/lang/Object;Ljava/lang/Object;)Ljava/lang/Object; @ 18 c2
Event: 32.517 Thread 0x0000026fdcf935a0 DEOPT PACKING pc=0x0000026fcdae9f48 sp=0x00000070427fb730
Event: 32.517 Thread 0x0000026fdcf935a0 DEOPT UNPACKING pc=0x0000026fcd3e66a3 sp=0x00000070427fb6e8 mode 2
Event: 32.517 Thread 0x0000026fdcf935a0 Uncommon trap: trap_request=0xffffffc6 fr.pc=0x0000026fcdae9f48 relative=0x0000000000000748
Event: 32.517 Thread 0x0000026fdcf935a0 Uncommon trap: reason=bimorphic_or_optimized_type_check action=maybe_recompile pc=0x0000026fcdae9f48 method=java.util.Hashtable.put(Ljava/lang/Object;Ljava/lang/Object;)Ljava/lang/Object; @ 18 c2
Event: 32.517 Thread 0x0000026fdcf935a0 DEOPT PACKING pc=0x0000026fcdae9f48 sp=0x00000070427fb730
Event: 32.517 Thread 0x0000026fdcf935a0 DEOPT UNPACKING pc=0x0000026fcd3e66a3 sp=0x00000070427fb6e8 mode 2
Event: 32.517 Thread 0x0000026fdcf935a0 Uncommon trap: trap_request=0xffffffc6 fr.pc=0x0000026fcdae9f48 relative=0x0000000000000748
Event: 32.517 Thread 0x0000026fdcf935a0 Uncommon trap: reason=bimorphic_or_optimized_type_check action=maybe_recompile pc=0x0000026fcdae9f48 method=java.util.Hashtable.put(Ljava/lang/Object;Ljava/lang/Object;)Ljava/lang/Object; @ 18 c2
Event: 32.517 Thread 0x0000026fdcf935a0 DEOPT PACKING pc=0x0000026fcdae9f48 sp=0x00000070427fb730
Event: 32.517 Thread 0x0000026fdcf935a0 DEOPT UNPACKING pc=0x0000026fcd3e66a3 sp=0x00000070427fb6e8 mode 2
Event: 32.517 Thread 0x0000026fdcf935a0 Uncommon trap: trap_request=0xffffffc6 fr.pc=0x0000026fcdae9f48 relative=0x0000000000000748
Event: 32.517 Thread 0x0000026fdcf935a0 Uncommon trap: reason=bimorphic_or_optimized_type_check action=maybe_recompile pc=0x0000026fcdae9f48 method=java.util.Hashtable.put(Ljava/lang/Object;Ljava/lang/Object;)Ljava/lang/Object; @ 18 c2
Event: 32.517 Thread 0x0000026fdcf935a0 DEOPT PACKING pc=0x0000026fcdae9f48 sp=0x00000070427fb730
Event: 32.517 Thread 0x0000026fdcf935a0 DEOPT UNPACKING pc=0x0000026fcd3e66a3 sp=0x00000070427fb6e8 mode 2
Event: 32.517 Thread 0x0000026fdcf935a0 Uncommon trap: trap_request=0xffffffc6 fr.pc=0x0000026fcdaec6d4 relative=0x0000000000000294
Event: 32.517 Thread 0x0000026fdcf935a0 Uncommon trap: reason=bimorphic_or_optimized_type_check action=maybe_recompile pc=0x0000026fcdaec6d4 method=java.util.Hashtable.addEntry(ILjava/lang/Object;Ljava/lang/Object;I)V @ 28 c2
Event: 32.517 Thread 0x0000026fdcf935a0 DEOPT PACKING pc=0x0000026fcdaec6d4 sp=0x00000070427fb690
Event: 32.518 Thread 0x0000026fdcf935a0 DEOPT UNPACKING pc=0x0000026fcd3e66a3 sp=0x00000070427fb650 mode 2

Classes unloaded (7 events):
Event: 29.801 Thread 0x0000026fd6ff6310 Unloading class 0x000000010023a000 'java/lang/invoke/LambdaForm$MH+0x000000010023a000'
Event: 29.801 Thread 0x0000026fd6ff6310 Unloading class 0x0000000100239c00 'java/lang/invoke/LambdaForm$MH+0x0000000100239c00'
Event: 29.801 Thread 0x0000026fd6ff6310 Unloading class 0x0000000100239800 'java/lang/invoke/LambdaForm$MH+0x0000000100239800'
Event: 29.801 Thread 0x0000026fd6ff6310 Unloading class 0x0000000100239400 'java/lang/invoke/LambdaForm$MH+0x0000000100239400'
Event: 29.801 Thread 0x0000026fd6ff6310 Unloading class 0x0000000100239000 'java/lang/invoke/LambdaForm$BMH+0x0000000100239000'
Event: 29.801 Thread 0x0000026fd6ff6310 Unloading class 0x0000000100238c00 'java/lang/invoke/LambdaForm$DMH+0x0000000100238c00'
Event: 29.801 Thread 0x0000026fd6ff6310 Unloading class 0x0000000100234400 'java/lang/invoke/LambdaForm$DMH+0x0000000100234400'

Classes redefined (0 events):
No events

Internal exceptions (20 events):
Event: 32.186 Thread 0x0000026fde2ee740 Exception <a 'sun/nio/fs/WindowsException'{0x00000000ec019768}> (0x00000000ec019768) 
thrown [s\src\hotspot\share\prims\jni.cpp, line 516]
Event: 32.195 Thread 0x0000026fde2ee740 Exception <a 'sun/nio/fs/WindowsException'{0x00000000ec07a790}> (0x00000000ec07a790) 
thrown [s\src\hotspot\share\prims\jni.cpp, line 516]
Event: 32.195 Thread 0x0000026fde2ee740 Exception <a 'sun/nio/fs/WindowsException'{0x00000000ec07b298}> (0x00000000ec07b298) 
thrown [s\src\hotspot\share\prims\jni.cpp, line 516]
Event: 32.205 Thread 0x0000026fde2ee740 Exception <a 'sun/nio/fs/WindowsException'{0x00000000eab2b238}> (0x00000000eab2b238) 
thrown [s\src\hotspot\share\prims\jni.cpp, line 516]
Event: 32.205 Thread 0x0000026fde2ee740 Exception <a 'sun/nio/fs/WindowsException'{0x00000000eab2bd40}> (0x00000000eab2bd40) 
thrown [s\src\hotspot\share\prims\jni.cpp, line 516]
Event: 32.205 Thread 0x0000026fde2ee740 Exception <a 'sun/nio/fs/WindowsException'{0x00000000eab2d038}> (0x00000000eab2d038) 
thrown [s\src\hotspot\share\prims\jni.cpp, line 516]
Event: 32.205 Thread 0x0000026fde2ee740 Exception <a 'sun/nio/fs/WindowsException'{0x00000000eab2db40}> (0x00000000eab2db40) 
thrown [s\src\hotspot\share\prims\jni.cpp, line 516]
Event: 32.215 Thread 0x0000026fde2ee740 Exception <a 'java/lang/NoSuchMethodError'{0x00000000eab78bf0}: 'void java.lang.invoke.DirectMethodHandle$Holder.invokeVirtual(java.lang.Object, java.lang.Object, java.lang.Object, java.lang.Object)'> (0x00000000eab78bf0) 
thrown [s\src\hotspot\share\interpreter\linkResolver.cpp, line 759]
Event: 32.225 Thread 0x0000026fde2ee740 Exception <a 'sun/nio/fs/WindowsException'{0x00000000eac69578}> (0x00000000eac69578) 
thrown [s\src\hotspot\share\prims\jni.cpp, line 516]
Event: 32.226 Thread 0x0000026fde2ee740 Exception <a 'sun/nio/fs/WindowsException'{0x00000000eac6a080}> (0x00000000eac6a080) 
thrown [s\src\hotspot\share\prims\jni.cpp, line 516]
Event: 32.241 Thread 0x0000026fde2ee740 Exception <a 'sun/nio/fs/WindowsException'{0x00000000eacaaa60}> (0x00000000eacaaa60) 
thrown [s\src\hotspot\share\prims\jni.cpp, line 516]
Event: 32.241 Thread 0x0000026fde2ee740 Exception <a 'sun/nio/fs/WindowsException'{0x00000000eacab568}> (0x00000000eacab568) 
thrown [s\src\hotspot\share\prims\jni.cpp, line 516]
Event: 32.249 Thread 0x0000026fde2ee740 Exception <a 'sun/nio/fs/WindowsException'{0x00000000ead88660}> (0x00000000ead88660) 
thrown [s\src\hotspot\share\prims\jni.cpp, line 516]
Event: 32.284 Thread 0x0000026fdcf95910 Exception <a 'java/lang/NoSuchMethodError'{0x00000000eaf6dae0}: 'int java.lang.invoke.DirectMethodHandle$Holder.invokeSpecialIFC(java.lang.Object, java.lang.Object, java.lang.Object, java.lang.Object)'> (0x00000000eaf6dae0) 
thrown [s\src\hotspot\share\interpreter\linkResolver.cpp, line 759]
Event: 32.285 Thread 0x0000026fde2ee740 Exception <a 'sun/nio/fs/WindowsException'{0x00000000eada9c58}> (0x00000000eada9c58) 
thrown [s\src\hotspot\share\prims\jni.cpp, line 516]
Event: 32.285 Thread 0x0000026fde2ee740 Exception <a 'sun/nio/fs/WindowsException'{0x00000000eadaa558}> (0x00000000eadaa558) 
thrown [s\src\hotspot\share\prims\jni.cpp, line 516]
Event: 32.285 Thread 0x0000026fde2ee740 Exception <a 'sun/nio/fs/WindowsException'{0x00000000eadab228}> (0x00000000eadab228) 
thrown [s\src\hotspot\share\prims\jni.cpp, line 516]
Event: 32.285 Thread 0x0000026fde2ee740 Exception <a 'sun/nio/fs/WindowsException'{0x00000000eadabb28}> (0x00000000eadabb28) 
thrown [s\src\hotspot\share\prims\jni.cpp, line 516]
Event: 32.312 Thread 0x0000026fde2ee740 Exception <a 'java/lang/NoSuchMethodError'{0x00000000eafffe78}: 'void java.lang.invoke.DirectMethodHandle$Holder.invokeStatic(java.lang.Object, long)'> (0x00000000eafffe78) 
thrown [s\src\hotspot\share\interpreter\linkResolver.cpp, line 759]
Event: 32.313 Thread 0x0000026fde2ee740 Exception <a 'java/lang/NoSuchMethodError'{0x00000000eb0054c8}: 'java.lang.Object java.lang.invoke.DirectMethodHandle$Holder.newInvokeSpecial(java.lang.Object, long)'> (0x00000000eb0054c8) 
thrown [s\src\hotspot\share\interpreter\linkResolver.cpp, line 759]

VM Operations (20 events):
Event: 31.680 Executing VM operation: ICBufferFull
Event: 31.680 Executing VM operation: ICBufferFull done
Event: 31.721 Executing VM operation: ParallelGCFailedAllocation
Event: 31.725 Executing VM operation: ParallelGCFailedAllocation done
Event: 31.881 Executing VM operation: HandshakeAllThreads
Event: 31.881 Executing VM operation: HandshakeAllThreads done
Event: 31.882 Executing VM operation: HandshakeAllThreads
Event: 31.882 Executing VM operation: HandshakeAllThreads done
Event: 31.972 Executing VM operation: ICBufferFull
Event: 31.972 Executing VM operation: ICBufferFull done
Event: 32.036 Executing VM operation: HandshakeAllThreads
Event: 32.036 Executing VM operation: HandshakeAllThreads done
Event: 32.196 Executing VM operation: ParallelGCFailedAllocation
Event: 32.200 Executing VM operation: ParallelGCFailedAllocation done
Event: 32.314 Executing VM operation: HandshakeAllThreads
Event: 32.314 Executing VM operation: HandshakeAllThreads done
Event: 32.494 Executing VM operation: HandshakeAllThreads
Event: 32.494 Executing VM operation: HandshakeAllThreads done
Event: 32.521 Executing VM operation: HandshakeAllThreads
Event: 32.521 Executing VM operation: HandshakeAllThreads done

Events (20 events):
Event: 32.607 loading class jdk/internal/icu/impl/Trie$DataManipulate
Event: 32.607 loading class jdk/internal/icu/impl/Trie$DataManipulate done
Event: 32.607 loading class jdk/internal/icu/text/StringPrep$StringPrepTrieImpl done
Event: 32.607 loading class jdk/internal/icu/impl/CharTrie
Event: 32.607 loading class jdk/internal/icu/impl/Trie
Event: 32.607 loading class jdk/internal/icu/impl/Trie done
Event: 32.607 loading class jdk/internal/icu/impl/CharTrie done
Event: 32.608 loading class jdk/internal/icu/lang/UCharacter
Event: 32.610 loading class jdk/internal/icu/lang/UCharacter done
Event: 32.610 loading class jdk/internal/icu/impl/UCharacterProperty
Event: 32.610 loading class jdk/internal/icu/impl/UCharacterProperty done
Event: 32.610 loading class jdk/internal/icu/impl/UCharacterProperty$1
Event: 32.611 loading class jdk/internal/icu/impl/UCharacterProperty$BiDiIntProperty
Event: 32.611 loading class jdk/internal/icu/impl/UCharacterProperty$IntProperty
Event: 32.611 loading class jdk/internal/icu/impl/UCharacterProperty$IntProperty done
Event: 32.611 loading class jdk/internal/icu/impl/UCharacterProperty$BiDiIntProperty done
Event: 32.611 loading class jdk/internal/icu/impl/UCharacterProperty$1 done
Event: 32.613 loading class jdk/internal/icu/impl/UCharacterProperty$IsAcceptable
Event: 32.613 loading class jdk/internal/icu/impl/UCharacterProperty$IsAcceptable done
Event: 32.613 loading class jdk/internal/icu/impl/Trie2_16


Dynamic libraries:
0x00007ff6e6ff0000 - 0x00007ff6e6ffe000 	c:\Users\rajes\.vscode\extensions\redhat.java-1.31.0-win32-x64\jre\17.0.11-win32-x86_64\bin\java.exe
0x00007ff8f5530000 - 0x00007ff8f5728000 	C:\WINDOWS\SYSTEM32\ntdll.dll
0x00007ff8f4e70000 - 0x00007ff8f4f2d000 	C:\WINDOWS\System32\KERNEL32.DLL
0x00007ff8f3140000 - 0x00007ff8f3436000 	C:\WINDOWS\System32\KERNELBASE.dll
0x00007ff8f2e90000 - 0x00007ff8f2f90000 	C:\WINDOWS\System32\ucrtbase.dll
0x00007ff8d83a0000 - 0x00007ff8d83b7000 	c:\Users\rajes\.vscode\extensions\redhat.java-1.31.0-win32-x64\jre\17.0.11-win32-x86_64\bin\jli.dll
0x00007ff8d4190000 - 0x00007ff8d41ab000 	c:\Users\rajes\.vscode\extensions\redhat.java-1.31.0-win32-x64\jre\17.0.11-win32-x86_64\bin\VCRUNTIME140.dll
0x00007ff8f3aa0000 - 0x00007ff8f3c3f000 	C:\WINDOWS\System32\USER32.dll
0x00007ff8f2fe0000 - 0x00007ff8f3002000 	C:\WINDOWS\System32\win32u.dll
0x00007ff8d4960000 - 0x00007ff8d4bfa000 	C:\WINDOWS\WinSxS\amd64_microsoft.windows.common-controls_6595b64144ccf1df_6.0.19041.4355_none_60b8b9eb71f62e16\COMCTL32.dll
0x00007ff8f45c0000 - 0x00007ff8f45eb000 	C:\WINDOWS\System32\GDI32.dll
0x00007ff8f5310000 - 0x00007ff8f53ae000 	C:\WINDOWS\System32\msvcrt.dll
0x00007ff8f3440000 - 0x00007ff8f3557000 	C:\WINDOWS\System32\gdi32full.dll
0x00007ff8f30a0000 - 0x00007ff8f313d000 	C:\WINDOWS\System32\msvcp_win.dll
0x00007ff8f4580000 - 0x00007ff8f45b2000 	C:\WINDOWS\System32\IMM32.DLL
0x00007ff8e4ba0000 - 0x00007ff8e4bac000 	c:\Users\rajes\.vscode\extensions\redhat.java-1.31.0-win32-x64\jre\17.0.11-win32-x86_64\bin\vcruntime140_1.dll
0x00007ff8bf390000 - 0x00007ff8bf41d000 	c:\Users\rajes\.vscode\extensions\redhat.java-1.31.0-win32-x64\jre\17.0.11-win32-x86_64\bin\msvcp140.dll
0x00007ff8b30b0000 - 0x00007ff8b3d12000 	c:\Users\rajes\.vscode\extensions\redhat.java-1.31.0-win32-x64\jre\17.0.11-win32-x86_64\bin\server\jvm.dll
0x00007ff8f3dd0000 - 0x00007ff8f3e80000 	C:\WINDOWS\System32\ADVAPI32.dll
0x00007ff8f5210000 - 0x00007ff8f52b0000 	C:\WINDOWS\System32\sechost.dll
0x00007ff8f3ca0000 - 0x00007ff8f3dc3000 	C:\WINDOWS\System32\RPCRT4.dll
0x00007ff8f2e60000 - 0x00007ff8f2e87000 	C:\WINDOWS\System32\bcrypt.dll
0x00007ff8f2230000 - 0x00007ff8f227b000 	C:\WINDOWS\SYSTEM32\POWRPROF.dll
0x00007ff8d1b20000 - 0x00007ff8d1b47000 	C:\WINDOWS\SYSTEM32\WINMM.dll
0x00007ff8e4b40000 - 0x00007ff8e4b4a000 	C:\WINDOWS\SYSTEM32\VERSION.dll
0x00007ff8d5130000 - 0x00007ff8d5139000 	C:\WINDOWS\SYSTEM32\WSOCK32.dll
0x00007ff8f4090000 - 0x00007ff8f40fb000 	C:\WINDOWS\System32\WS2_32.dll
0x00007ff8f2120000 - 0x00007ff8f2132000 	C:\WINDOWS\SYSTEM32\UMPDC.dll
0x00007ff8f0c00000 - 0x00007ff8f0c12000 	C:\WINDOWS\SYSTEM32\kernel.appcore.dll
0x00007ff8d85c0000 - 0x00007ff8d85ca000 	c:\Users\rajes\.vscode\extensions\redhat.java-1.31.0-win32-x64\jre\17.0.11-win32-x86_64\bin\jimage.dll
0x00007ff8ecea0000 - 0x00007ff8ed084000 	C:\WINDOWS\SYSTEM32\DBGHELP.DLL
0x00007ff8d1a30000 - 0x00007ff8d1a64000 	C:\WINDOWS\SYSTEM32\dbgcore.DLL
0x00007ff8f3010000 - 0x00007ff8f3092000 	C:\WINDOWS\System32\bcryptPrimitives.dll
0x00007ff8d5720000 - 0x00007ff8d572e000 	c:\Users\rajes\.vscode\extensions\redhat.java-1.31.0-win32-x64\jre\17.0.11-win32-x86_64\bin\instrument.dll
0x00007ff8c6dc0000 - 0x00007ff8c6de5000 	c:\Users\rajes\.vscode\extensions\redhat.java-1.31.0-win32-x64\jre\17.0.11-win32-x86_64\bin\java.dll
0x00007ff8d3a80000 - 0x00007ff8d3a98000 	c:\Users\rajes\.vscode\extensions\redhat.java-1.31.0-win32-x64\jre\17.0.11-win32-x86_64\bin\zip.dll
0x00007ff8f4610000 - 0x00007ff8f4d7b000 	C:\WINDOWS\System32\SHELL32.dll
0x00007ff8f0c20000 - 0x00007ff8f13bd000 	C:\WINDOWS\SYSTEM32\windows.storage.dll
0x00007ff8f3690000 - 0x00007ff8f39e3000 	C:\WINDOWS\System32\combase.dll
0x00007ff8f2600000 - 0x00007ff8f262e000 	C:\WINDOWS\SYSTEM32\Wldp.dll
0x00007ff8f3560000 - 0x00007ff8f362d000 	C:\WINDOWS\System32\OLEAUT32.dll
0x00007ff8f39f0000 - 0x00007ff8f3a9d000 	C:\WINDOWS\System32\SHCORE.dll
0x00007ff8f3c40000 - 0x00007ff8f3c95000 	C:\WINDOWS\System32\shlwapi.dll
0x00007ff8f2b10000 - 0x00007ff8f2b34000 	C:\WINDOWS\SYSTEM32\profapi.dll
0x00007ff8d2420000 - 0x00007ff8d2439000 	C:\Users\rajes\.vscode\extensions\redhat.java-1.31.0-win32-x64\jre\17.0.11-win32-x86_64\bin\net.dll
0x00007ff8e88a0000 - 0x00007ff8e89aa000 	C:\WINDOWS\SYSTEM32\WINHTTP.dll
0x00007ff8f2310000 - 0x00007ff8f237a000 	C:\WINDOWS\system32\mswsock.dll
0x00007ff8d0500000 - 0x00007ff8d0516000 	C:\Users\rajes\.vscode\extensions\redhat.java-1.31.0-win32-x64\jre\17.0.11-win32-x86_64\bin\nio.dll
0x00007ff8e9ef0000 - 0x00007ff8e9f00000 	c:\Users\rajes\.vscode\extensions\redhat.java-1.31.0-win32-x64\jre\17.0.11-win32-x86_64\bin\verify.dll
0x00007ff8c0720000 - 0x00007ff8c0764000 	C:\Users\rajes\AppData\Roaming\Code\User\globalStorage\redhat.java\1.31.0\config_win\org.eclipse.equinox.launcher\org.eclipse.equinox.launcher.win32.win32.x86_64_1.2.1000.v20240507-1834\eclipse_11902.dll
0x00007ff8f3f60000 - 0x00007ff8f408b000 	C:\WINDOWS\System32\ole32.dll
0x00007ff8d83f0000 - 0x00007ff8d83f9000 	C:\Users\rajes\.vscode\extensions\redhat.java-1.31.0-win32-x64\jre\17.0.11-win32-x86_64\bin\management.dll
0x00007ff8d83e0000 - 0x00007ff8d83eb000 	C:\Users\rajes\.vscode\extensions\redhat.java-1.31.0-win32-x64\jre\17.0.11-win32-x86_64\bin\management_ext.dll
0x00007ff8f4570000 - 0x00007ff8f4578000 	C:\WINDOWS\System32\PSAPI.DLL
0x00007ff8f24f0000 - 0x00007ff8f2508000 	C:\WINDOWS\SYSTEM32\CRYPTSP.dll
0x00007ff8f1bd0000 - 0x00007ff8f1c04000 	C:\WINDOWS\system32\rsaenh.dll
0x00007ff8f2ac0000 - 0x00007ff8f2aee000 	C:\WINDOWS\SYSTEM32\USERENV.dll
0x00007ff8f2510000 - 0x00007ff8f251c000 	C:\WINDOWS\SYSTEM32\CRYPTBASE.dll
0x00007ff8f1fa0000 - 0x00007ff8f1fdb000 	C:\WINDOWS\SYSTEM32\IPHLPAPI.DLL
0x00007ff8f4e00000 - 0x00007ff8f4e08000 	C:\WINDOWS\System32\NSI.dll
0x00007ff8e7f30000 - 0x00007ff8e7f47000 	C:\WINDOWS\SYSTEM32\dhcpcsvc6.DLL
0x00007ff8e7fd0000 - 0x00007ff8e7fed000 	C:\WINDOWS\SYSTEM32\dhcpcsvc.DLL
0x00007ff8f1fe0000 - 0x00007ff8f20ab000 	C:\WINDOWS\SYSTEM32\DNSAPI.dll
0x00007ff8bf5c0000 - 0x00007ff8bf605000 	C:\Users\rajes\AppData\Local\Temp\jna-108276233\jna11159399663203897354.dll
0x00007ff8d8700000 - 0x00007ff8d870e000 	C:\Users\rajes\.vscode\extensions\redhat.java-1.31.0-win32-x64\jre\17.0.11-win32-x86_64\bin\sunmscapi.dll
0x00007ff8f2c50000 - 0x00007ff8f2dae000 	C:\WINDOWS\System32\CRYPT32.dll
0x00007ff8f2670000 - 0x00007ff8f2699000 	C:\WINDOWS\SYSTEM32\ncrypt.dll
0x00007ff8f2630000 - 0x00007ff8f266b000 	C:\WINDOWS\SYSTEM32\NTASN1.dll
0x00007ff8d6e00000 - 0x00007ff8d6e0a000 	C:\Windows\System32\rasadhlp.dll
0x00007ff8d7840000 - 0x00007ff8d78c0000 	C:\WINDOWS\System32\fwpuclnt.dll
0x00007ff8d5140000 - 0x00007ff8d5149000 	C:\Users\rajes\.vscode\extensions\redhat.java-1.31.0-win32-x64\jre\17.0.11-win32-x86_64\bin\extnet.dll

dbghelp: loaded successfully - version: 4.0.5 - missing functions: none
symbol engine: initialized successfully - sym options: 0x614 - pdb path: .;c:\Users\rajes\.vscode\extensions\redhat.java-1.31.0-win32-x64\jre\17.0.11-win32-x86_64\bin;C:\WINDOWS\SYSTEM32;C:\WINDOWS\WinSxS\amd64_microsoft.windows.common-controls_6595b64144ccf1df_6.0.19041.4355_none_60b8b9eb71f62e16;c:\Users\rajes\.vscode\extensions\redhat.java-1.31.0-win32-x64\jre\17.0.11-win32-x86_64\bin\server;C:\Users\rajes\AppData\Roaming\Code\User\globalStorage\redhat.java\1.31.0\config_win\org.eclipse.equinox.launcher\org.eclipse.equinox.launcher.win32.win32.x86_64_1.2.1000.v20240507-1834;C:\Users\rajes\AppData\Local\Temp\jna-108276233

VM Arguments:
jvm_args: --add-modules=ALL-SYSTEM --add-opens=java.base/java.util=ALL-UNNAMED --add-opens=java.base/java.lang=ALL-UNNAMED --add-opens=java.base/sun.nio.fs=ALL-UNNAMED -Declipse.application=org.eclipse.jdt.ls.core.id1 -Dosgi.bundles.defaultStartLevel=4 -Declipse.product=org.eclipse.jdt.ls.core.product -Djava.import.generatesMetadataFilesAtProjectRoot=false -DDetectVMInstallationsJob.disabled=true -Dfile.encoding=utf8 -XX:+UseParallelGC -XX:GCTimeRatio=4 -XX:AdaptiveSizePolicyWeight=90 -Dsun.zip.disableMemoryMapping=true -Xmx1G -Xms100m -Xlog:disable -javaagent:c:\Users\rajes\.vscode\extensions\redhat.java-1.31.0-win32-x64\lombok\lombok-1.18.32.jar -XX:+HeapDumpOnOutOfMemoryError -XX:HeapDumpPath=c:\Users\rajes\AppData\Roaming\Code\User\workspaceStorage\c0690ab2331a91e7f7c2694c655957c8\redhat.java -Daether.dependencyCollector.impl=bf 
java_command: c:\Users\rajes\.vscode\extensions\redhat.java-1.31.0-win32-x64\server\plugins\org.eclipse.equinox.launcher_1.6.800.v20240513-1750.jar -configuration c:\Users\rajes\AppData\Roaming\Code\User\globalStorage\redhat.java\1.31.0\config_win -data c:\Users\rajes\AppData\Roaming\Code\User\workspaceStorage\c0690ab2331a91e7f7c2694c655957c8\redhat.java\jdt_ws --pipe=\\.\pipe\lsp-53183a83f80d37d9dd4cc738e9eec9f1-sock
java_class_path (initial): c:\Users\rajes\.vscode\extensions\redhat.java-1.31.0-win32-x64\server\plugins\org.eclipse.equinox.launcher_1.6.800.v20240513-1750.jar
Launcher Type: SUN_STANDARD

[Global flags]
    uintx AdaptiveSizePolicyWeight                 = 90                                        {product} {command line}
     intx CICompilerCount                          = 3                                         {product} {ergonomic}
    uintx GCTimeRatio                              = 4                                         {product} {command line}
     bool HeapDumpOnOutOfMemoryError               = true                                   {manageable} {command line}
    ccstr HeapDumpPath                             = c:\Users\rajes\AppData\Roaming\Code\User\workspaceStorage\c0690ab2331a91e7f7c2694c655957c8\redhat.java         {manageable} {command line}
   size_t InitialHeapSize                          = 104857600                                 {product} {command line}
   size_t MaxHeapSize                              = 1073741824                                {product} {command line}
   size_t MaxNewSize                               = 357564416                                 {product} {ergonomic}
   size_t MinHeapDeltaBytes                        = 524288                                    {product} {ergonomic}
   size_t MinHeapSize                              = 104857600                                 {product} {command line}
   size_t NewSize                                  = 34603008                                  {product} {ergonomic}
    uintx NonNMethodCodeHeapSize                   = 5832780                                {pd product} {ergonomic}
    uintx NonProfiledCodeHeapSize                  = 122912730                              {pd product} {ergonomic}
   size_t OldSize                                  = 70254592                                  {product} {ergonomic}
    uintx ProfiledCodeHeapSize                     = 122912730                              {pd product} {ergonomic}
    uintx ReservedCodeCacheSize                    = 251658240                              {pd product} {ergonomic}
     bool SegmentedCodeCache                       = true                                      {product} {ergonomic}
   size_t SoftMaxHeapSize                          = 1073741824                             {manageable} {ergonomic}
     bool UseCompressedClassPointers               = true                           {product lp64_product} {ergonomic}
     bool UseCompressedOops                        = true                           {product lp64_product} {ergonomic}
     bool UseLargePagesIndividualAllocation        = false                                  {pd product} {ergonomic}
     bool UseParallelGC                            = true                                      {product} {command line}

Logging:
Log output configuration:
 #0: stdout all=off uptime,level,tags
 #1: stderr all=off uptime,level,tags

Environment Variables:
PATH=C:\Program Files\Common Files\Oracle\Java\javapath;C:\Program Files (x86)\Common Files\Oracle\Java\javapath;C:\ProgramData\Oracle\Java\javapath;C:\WINDOWS\system32;C:\WINDOWS;C:\WINDOWS\System32\Wbem;C:\WINDOWS\System32\WindowsPowerShell\v1.0\;C:\WINDOWS\System32\OpenSSH\;C:\Users\rajes\Downloads\Process Lasso\;C:\Program Files\Git\cmd;C:\Program Files\Git\mingw64\bin;C:\Program Files\Git\usr\bin;C:\Program Files\nodejs\;C:\Program Files\nodejs;C:\Program Files\MongoDB\Server\6.0\bin;C:\Users\rajes\AppData\Local\Programs\Python\Python311;C:\Users\rajes\AppData\Local\Programs\Python\Python311\Scripts;C:\Ruby32-x64\bin;C:\Users\rajes\AppData\Local\Programs\Python\Python39;C:\Users\rajes\AppData\Local\Programs\Python\Python39\Scripts;;C:\Program Files\Docker\Docker\resources\bin;C:\Users\rajes\AppData\Local\Programs\Python\Python312\Scripts\;C:\Users\rajes\AppData\Local\Programs\Python\Python312\;C:\Ruby32-x64\bin;C:\Users\rajes\AppData\Local\Microsoft\WindowsApps;C:\Users\rajes\Downloads\winlibs-x86_64-posix-seh-gcc-12.1.0-llvm-14.0.4-mingw-w64ucrt-10.0.0-r2\mingw64\bin;C:\Users\rajes\Downloads\Microsoft VS Code\bin;C:\Users\rajes\Documents\mingw64\bin;C:\Users\rajes\AppData\Roaming\npm;C:\Program Files\nodejs;C:\Program Files\MongoDB\Server\6.0\bin
USERNAME=rajes
OS=Windows_NT
PROCESSOR_IDENTIFIER=Intel64 Family 6 Model 142 Stepping 12, GenuineIntel
TMP=C:\Users\rajes\AppData\Local\Temp
TEMP=C:\Users\rajes\AppData\Local\Temp



Periodic native trim disabled


---------------  S Y S T E M  ---------------

OS:
 Windows 10 , 64 bit Build 19041 (10.0.19041.3636)
OS uptime: 7 days 16:20 hours
Hyper-V role detected

CPU: total 4 (initial active 4) (2 cores per cpu, 2 threads per core) family 6 model 142 stepping 12 microcode 0xca, cx8, cmov, fxsr, ht, mmx, 3dnowpref, sse, sse2, sse3, ssse3, sse4.1, sse4.2, popcnt, lzcnt, tsc, tscinvbit, avx, avx2, aes, erms, clmul, bmi1, bmi2, adx, fma, vzeroupper, clflush, clflushopt, hv
Processor Information for all 4 processors :
  Max Mhz: 2592, Current Mhz: 2093, Mhz Limit: 2073

Memory: 4k page, system-wide physical 3883M (20M free)
TotalPageFile size 15659M (AvailPageFile size 0M)
current process WorkingSet (physical memory assigned to process): 172M, peak: 172M
current process commit charge ("private bytes"): 260M, peak: 261M

vm_info: OpenJDK 64-Bit Server VM (17.0.11+9) for windows-amd64 JRE (17.0.11+9), built on Apr 17 2024 06:07:48 by "admin" with MS VC++ 16.10 / 16.11 (VS2019)

END.
